c:\users\jkorn\source\repos\poprawa_ako\debug\poprawa_ako.exe
c:\users\jkorn\source\repos\poprawa_ako\poprawa_ako\debug\poprawa_ako.ilk
c:\users\jkorn\source\repos\poprawa_ako\debug\poprawa_ako.pdb
c:\users\jkorn\source\repos\poprawa_ako\poprawa_ako\debug\check_name.obj
c:\users\jkorn\source\repos\poprawa_ako\poprawa_ako\debug\do_egzaminu_2022_23.obj
c:\users\jkorn\source\repos\poprawa_ako\poprawa_ako\debug\float_razy_dziesiec.obj
c:\users\jkorn\source\repos\poprawa_ako\poprawa_ako\debug\kolokowium_1_2021.obj
c:\users\jkorn\source\repos\poprawa_ako\poprawa_ako\debug\nwd_dok.obj
c:\users\jkorn\source\repos\poprawa_ako\poprawa_ako\debug\różna_zad_przyk_2022_kolo_2.obj
c:\users\jkorn\source\repos\poprawa_ako\poprawa_ako\debug\zad1_2021.obj
c:\users\jkorn\source\repos\poprawa_ako\poprawa_ako\debug\zad_13_przyk_2022_kolo_2.obj
c:\users\jkorn\source\repos\poprawa_ako\poprawa_ako\debug\zad_14_przyk_2022_kolo_2.obj
c:\users\jkorn\source\repos\poprawa_ako\poprawa_ako\debug\zad_15_przyk_2022_kolo_2.obj
c:\users\jkorn\source\repos\poprawa_ako\poprawa_ako\debug\zad_16_przyk_2022_kolo_2.obj
c:\users\jkorn\source\repos\poprawa_ako\poprawa_ako\debug\zad_17_przyk_2022_kol_2.obj
c:\users\jkorn\source\repos\poprawa_ako\poprawa_ako\debug\zad_18_przyk_2022_kol_2.obj
c:\users\jkorn\source\repos\poprawa_ako\poprawa_ako\debug\zad_1_przyk_2022_kolo_2.obj
c:\users\jkorn\source\repos\poprawa_ako\poprawa_ako\debug\zad_2_kolo_2_2021.obj
c:\users\jkorn\source\repos\poprawa_ako\poprawa_ako\debug\zad_2_przyk_2022_kolo_2.obj
c:\users\jkorn\source\repos\poprawa_ako\poprawa_ako\debug\zad_34_przyk_2022.obj
c:\users\jkorn\source\repos\poprawa_ako\poprawa_ako\debug\zad_35_2_przyk_2021.obj
c:\users\jkorn\source\repos\poprawa_ako\poprawa_ako\debug\zad_35_przyk_2022.obj
c:\users\jkorn\source\repos\poprawa_ako\poprawa_ako\debug\zad_37_przyk_2021.obj
c:\users\jkorn\source\repos\poprawa_ako\poprawa_ako\debug\zad_39_przyk_2021.obj
c:\users\jkorn\source\repos\poprawa_ako\poprawa_ako\debug\zad_3_przyk_2022_kolo_2.obj
c:\users\jkorn\source\repos\poprawa_ako\poprawa_ako\debug\zad_40_przyk_2021.obj
c:\users\jkorn\source\repos\poprawa_ako\poprawa_ako\debug\zad_4_przyk_2022_kolo_2.obj
c:\users\jkorn\source\repos\poprawa_ako\poprawa_ako\debug\zad_5_przyk_2022_kolo_2.obj
c:\users\jkorn\source\repos\poprawa_ako\poprawa_ako\debug\zad_6_przyk_2022_kolo_2.obj
c:\users\jkorn\source\repos\poprawa_ako\poprawa_ako\debug\zlicz_falszerstwa.obj
c:\users\jkorn\source\repos\poprawa_ako\poprawa_ako\debug\vc142.idb
c:\users\jkorn\source\repos\poprawa_ako\poprawa_ako\debug\vc142.pdb
c:\users\jkorn\source\repos\poprawa_ako\poprawa_ako\debug\poprawa_ako.tlog\cl.command.1.tlog
c:\users\jkorn\source\repos\poprawa_ako\poprawa_ako\debug\poprawa_ako.tlog\link.command.1.tlog
c:\users\jkorn\source\repos\poprawa_ako\poprawa_ako\debug\poprawa_ako.tlog\link.read.1.tlog
c:\users\jkorn\source\repos\poprawa_ako\poprawa_ako\debug\poprawa_ako.tlog\link.write.1.tlog
c:\users\jkorn\source\repos\poprawa_ako\poprawa_ako\debug\poprawa_ako.tlog\masm.read.1u.tlog
c:\users\jkorn\source\repos\poprawa_ako\poprawa_ako\debug\poprawa_ako.tlog\masm.write.1u.tlog
